Created by PLY version 3.11 (http://www.dabeaz.com/ply)

Unused terminals:

    STA

Grammar

Rule 0     S' -> expr
Rule 1     expr -> NAME NAME EQUAL NAME
Rule 2     expr -> NAME NAME EQUAL NAME PLUS NAME
Rule 3     expr -> NAME NAME EQUAL NAME EQUAL NAME
Rule 4     expr -> NAME NAME EQUAL NAME DIVIDE NAME
Rule 5     expr -> NAME NAME EQUAL NAME TIMES NAME
Rule 6     expr -> NAME NAME MINUS SENT
Rule 7     expr -> NAME NAME
Rule 8     SENT -> expr
Rule 9     expr -> NAME NAME LKAKKO NAME RKAKKO EQUAL NAME LNAMI
Rule 10    expr -> NAME LKAKKO NAME RKAKKO
Rule 11    expr -> NAME NAME IF1 NAME LNAMI
Rule 12    expr -> NAME NAME IF2 NAME LNAMI
Rule 13    expr -> NAME NAME EQUAL EQUAL NAME LNAMI
Rule 14    expr -> NAME NAME LNAMI

Terminals, with rules where they appear

DIVIDE               : 4
EQUAL                : 1 2 3 3 4 5 9 13 13
IF1                  : 11
IF2                  : 12
LKAKKO               : 9 10
LNAMI                : 9 11 12 13 14
MINUS                : 6
NAME                 : 1 1 1 2 2 2 2 3 3 3 3 4 4 4 4 5 5 5 5 6 6 7 7 9 9 9 9 10 10 11 11 11 12 12 12 13 13 13 14 14
PLUS                 : 2
RKAKKO               : 9 10
STA                  : 
TIMES                : 5
error                : 

Nonterminals, with rules where they appear

SENT                 : 6
expr                 : 8 0

Parsing method: LALR

state 0

    (0) S' -> . expr
    (1) expr -> . NAME NAME EQUAL NAME
    (2) expr -> . NAME NAME EQUAL NAME PLUS NAME
    (3) expr -> . NAME NAME EQUAL NAME EQUAL NAME
    (4) expr -> . NAME NAME EQUAL NAME DIVIDE NAME
    (5) expr -> . NAME NAME EQUAL NAME TIMES NAME
    (6) expr -> . NAME NAME MINUS SENT
    (7) expr -> . NAME NAME
    (9) expr -> . NAME NAME LKAKKO NAME RKAKKO EQUAL NAME LNAMI
    (10) expr -> . NAME LKAKKO NAME RKAKKO
    (11) expr -> . NAME NAME IF1 NAME LNAMI
    (12) expr -> . NAME NAME IF2 NAME LNAMI
    (13) expr -> . NAME NAME EQUAL EQUAL NAME LNAMI
    (14) expr -> . NAME NAME LNAMI

    NAME            shift and go to state 2

    expr                           shift and go to state 1

state 1

    (0) S' -> expr .



state 2

    (1) expr -> NAME . NAME EQUAL NAME
    (2) expr -> NAME . NAME EQUAL NAME PLUS NAME
    (3) expr -> NAME . NAME EQUAL NAME EQUAL NAME
    (4) expr -> NAME . NAME EQUAL NAME DIVIDE NAME
    (5) expr -> NAME . NAME EQUAL NAME TIMES NAME
    (6) expr -> NAME . NAME MINUS SENT
    (7) expr -> NAME . NAME
    (9) expr -> NAME . NAME LKAKKO NAME RKAKKO EQUAL NAME LNAMI
    (10) expr -> NAME . LKAKKO NAME RKAKKO
    (11) expr -> NAME . NAME IF1 NAME LNAMI
    (12) expr -> NAME . NAME IF2 NAME LNAMI
    (13) expr -> NAME . NAME EQUAL EQUAL NAME LNAMI
    (14) expr -> NAME . NAME LNAMI

    NAME            shift and go to state 3
    LKAKKO          shift and go to state 4


state 3

    (1) expr -> NAME NAME . EQUAL NAME
    (2) expr -> NAME NAME . EQUAL NAME PLUS NAME
    (3) expr -> NAME NAME . EQUAL NAME EQUAL NAME
    (4) expr -> NAME NAME . EQUAL NAME DIVIDE NAME
    (5) expr -> NAME NAME . EQUAL NAME TIMES NAME
    (6) expr -> NAME NAME . MINUS SENT
    (7) expr -> NAME NAME .
    (9) expr -> NAME NAME . LKAKKO NAME RKAKKO EQUAL NAME LNAMI
    (11) expr -> NAME NAME . IF1 NAME LNAMI
    (12) expr -> NAME NAME . IF2 NAME LNAMI
    (13) expr -> NAME NAME . EQUAL EQUAL NAME LNAMI
    (14) expr -> NAME NAME . LNAMI

    EQUAL           shift and go to state 5
    MINUS           shift and go to state 6
    $end            reduce using rule 7 (expr -> NAME NAME .)
    LKAKKO          shift and go to state 7
    IF1             shift and go to state 9
    IF2             shift and go to state 10
    LNAMI           shift and go to state 8


state 4

    (10) expr -> NAME LKAKKO . NAME RKAKKO

    NAME            shift and go to state 11


state 5

    (1) expr -> NAME NAME EQUAL . NAME
    (2) expr -> NAME NAME EQUAL . NAME PLUS NAME
    (3) expr -> NAME NAME EQUAL . NAME EQUAL NAME
    (4) expr -> NAME NAME EQUAL . NAME DIVIDE NAME
    (5) expr -> NAME NAME EQUAL . NAME TIMES NAME
    (13) expr -> NAME NAME EQUAL . EQUAL NAME LNAMI

    NAME            shift and go to state 12
    EQUAL           shift and go to state 13


state 6

    (6) expr -> NAME NAME MINUS . SENT
    (8) SENT -> . expr
    (1) expr -> . NAME NAME EQUAL NAME
    (2) expr -> . NAME NAME EQUAL NAME PLUS NAME
    (3) expr -> . NAME NAME EQUAL NAME EQUAL NAME
    (4) expr -> . NAME NAME EQUAL NAME DIVIDE NAME
    (5) expr -> . NAME NAME EQUAL NAME TIMES NAME
    (6) expr -> . NAME NAME MINUS SENT
    (7) expr -> . NAME NAME
    (9) expr -> . NAME NAME LKAKKO NAME RKAKKO EQUAL NAME LNAMI
    (10) expr -> . NAME LKAKKO NAME RKAKKO
    (11) expr -> . NAME NAME IF1 NAME LNAMI
    (12) expr -> . NAME NAME IF2 NAME LNAMI
    (13) expr -> . NAME NAME EQUAL EQUAL NAME LNAMI
    (14) expr -> . NAME NAME LNAMI

    NAME            shift and go to state 2

    SENT                           shift and go to state 14
    expr                           shift and go to state 15

state 7

    (9) expr -> NAME NAME LKAKKO . NAME RKAKKO EQUAL NAME LNAMI

    NAME            shift and go to state 16


state 8

    (14) expr -> NAME NAME LNAMI .

    $end            reduce using rule 14 (expr -> NAME NAME LNAMI .)


state 9

    (11) expr -> NAME NAME IF1 . NAME LNAMI

    NAME            shift and go to state 17


state 10

    (12) expr -> NAME NAME IF2 . NAME LNAMI

    NAME            shift and go to state 18


state 11

    (10) expr -> NAME LKAKKO NAME . RKAKKO

    RKAKKO          shift and go to state 19


state 12

    (1) expr -> NAME NAME EQUAL NAME .
    (2) expr -> NAME NAME EQUAL NAME . PLUS NAME
    (3) expr -> NAME NAME EQUAL NAME . EQUAL NAME
    (4) expr -> NAME NAME EQUAL NAME . DIVIDE NAME
    (5) expr -> NAME NAME EQUAL NAME . TIMES NAME

    $end            reduce using rule 1 (expr -> NAME NAME EQUAL NAME .)
    PLUS            shift and go to state 21
    EQUAL           shift and go to state 20
    DIVIDE          shift and go to state 22
    TIMES           shift and go to state 23


state 13

    (13) expr -> NAME NAME EQUAL EQUAL . NAME LNAMI

    NAME            shift and go to state 24


state 14

    (6) expr -> NAME NAME MINUS SENT .

    $end            reduce using rule 6 (expr -> NAME NAME MINUS SENT .)


state 15

    (8) SENT -> expr .

    $end            reduce using rule 8 (SENT -> expr .)


state 16

    (9) expr -> NAME NAME LKAKKO NAME . RKAKKO EQUAL NAME LNAMI

    RKAKKO          shift and go to state 25


state 17

    (11) expr -> NAME NAME IF1 NAME . LNAMI

    LNAMI           shift and go to state 26


state 18

    (12) expr -> NAME NAME IF2 NAME . LNAMI

    LNAMI           shift and go to state 27


state 19

    (10) expr -> NAME LKAKKO NAME RKAKKO .

    $end            reduce using rule 10 (expr -> NAME LKAKKO NAME RKAKKO .)


state 20

    (3) expr -> NAME NAME EQUAL NAME EQUAL . NAME

    NAME            shift and go to state 28


state 21

    (2) expr -> NAME NAME EQUAL NAME PLUS . NAME

    NAME            shift and go to state 29


state 22

    (4) expr -> NAME NAME EQUAL NAME DIVIDE . NAME

    NAME            shift and go to state 30


state 23

    (5) expr -> NAME NAME EQUAL NAME TIMES . NAME

    NAME            shift and go to state 31


state 24

    (13) expr -> NAME NAME EQUAL EQUAL NAME . LNAMI

    LNAMI           shift and go to state 32


state 25

    (9) expr -> NAME NAME LKAKKO NAME RKAKKO . EQUAL NAME LNAMI

    EQUAL           shift and go to state 33


state 26

    (11) expr -> NAME NAME IF1 NAME LNAMI .

    $end            reduce using rule 11 (expr -> NAME NAME IF1 NAME LNAMI .)


state 27

    (12) expr -> NAME NAME IF2 NAME LNAMI .

    $end            reduce using rule 12 (expr -> NAME NAME IF2 NAME LNAMI .)


state 28

    (3) expr -> NAME NAME EQUAL NAME EQUAL NAME .

    $end            reduce using rule 3 (expr -> NAME NAME EQUAL NAME EQUAL NAME .)


state 29

    (2) expr -> NAME NAME EQUAL NAME PLUS NAME .

    $end            reduce using rule 2 (expr -> NAME NAME EQUAL NAME PLUS NAME .)


state 30

    (4) expr -> NAME NAME EQUAL NAME DIVIDE NAME .

    $end            reduce using rule 4 (expr -> NAME NAME EQUAL NAME DIVIDE NAME .)


state 31

    (5) expr -> NAME NAME EQUAL NAME TIMES NAME .

    $end            reduce using rule 5 (expr -> NAME NAME EQUAL NAME TIMES NAME .)


state 32

    (13) expr -> NAME NAME EQUAL EQUAL NAME LNAMI .

    $end            reduce using rule 13 (expr -> NAME NAME EQUAL EQUAL NAME LNAMI .)


state 33

    (9) expr -> NAME NAME LKAKKO NAME RKAKKO EQUAL . NAME LNAMI

    NAME            shift and go to state 34


state 34

    (9) expr -> NAME NAME LKAKKO NAME RKAKKO EQUAL NAME . LNAMI

    LNAMI           shift and go to state 35


state 35

    (9) expr -> NAME NAME LKAKKO NAME RKAKKO EQUAL NAME LNAMI .

    $end            reduce using rule 9 (expr -> NAME NAME LKAKKO NAME RKAKKO EQUAL NAME LNAMI .)

